<?xml version="1.0" encoding="UTF-8"?>
<testng-results skipped="0" failed="0" ignored="0" total="1" passed="1">
  <reporter-output>
  </reporter-output>
  <suite name="Default suite" duration-ms="67" started-at="2020-12-14T18:37:43 IST" finished-at="2020-12-14T18:37:43 IST">
    <groups>
    </groups>
    <test name="Default test" duration-ms="67" started-at="2020-12-14T18:37:43 IST" finished-at="2020-12-14T18:37:43 IST">
      <class name="testPackage.ConfigJenkin">
        <test-method status="PASS" signature="test1()[pri:0, instance:testPackage.ConfigJenkin@3a883ce7]" name="test1" duration-ms="11" started-at="2020-12-14T18:37:43 IST" finished-at="2020-12-14T18:37:43 IST">
          <reporter-output>
          </reporter-output>
        </test-method> <!-- test1 -->
      </class> <!-- testPackage.ConfigJenkin -->
    </test> <!-- Default test -->
  </suite> <!-- Default suite -->
</testng-results>
